0 info it worked if it ends with ok
1 verbose cli [ '/usr/local/bin/node',
1 verbose cli   '/usr/local/bin/npm',
1 verbose cli   'install',
1 verbose cli   'client-session' ]
2 info using npm@4.0.5
3 info using node@v7.4.0
4 silly loadCurrentTree Starting
5 silly install loadCurrentTree
6 silly install readLocalPackageData
7 silly fetchPackageMetaData client-session
8 silly fetchNamedPackageData client-session
9 silly mapToRegistry name client-session
10 silly mapToRegistry using default registry
11 silly mapToRegistry registry http://registry.npmjs.org/
12 silly mapToRegistry data Result {
12 silly mapToRegistry   raw: 'client-session',
12 silly mapToRegistry   scope: null,
12 silly mapToRegistry   escapedName: 'client-session',
12 silly mapToRegistry   name: 'client-session',
12 silly mapToRegistry   rawSpec: '',
12 silly mapToRegistry   spec: 'latest',
12 silly mapToRegistry   type: 'tag' }
13 silly mapToRegistry uri http://registry.npmjs.org/client-session
14 verbose request uri http://registry.npmjs.org/client-session
15 verbose request no auth needed
16 info attempt registry request try #1 at 16:20:23
17 verbose request id 18918a85cd96d137
18 verbose etag W/"582543bb-45ea"
19 verbose lastModified Fri, 11 Nov 2016 04:06:19 GMT
20 http request GET http://registry.npmjs.org/client-session
21 http 304 http://registry.npmjs.org/client-session
22 verbose headers { date: 'Fri, 13 Jan 2017 18:20:23 GMT',
22 verbose headers   via: '1.1 varnish',
22 verbose headers   'cache-control': 'max-age=300',
22 verbose headers   etag: 'W/"582543bb-45ea"',
22 verbose headers   age: '0',
22 verbose headers   connection: 'keep-alive',
22 verbose headers   'x-served-by': 'cache-gru7125-GRU',
22 verbose headers   'x-cache': 'HIT',
22 verbose headers   'x-cache-hits': '1',
22 verbose headers   'x-timer': 'S1484331623.609110,VS0,VE282',
22 verbose headers   vary: 'Accept-Encoding' }
23 silly get cb [ 304,
23 silly get   { date: 'Fri, 13 Jan 2017 18:20:23 GMT',
23 silly get     via: '1.1 varnish',
23 silly get     'cache-control': 'max-age=300',
23 silly get     etag: 'W/"582543bb-45ea"',
23 silly get     age: '0',
23 silly get     connection: 'keep-alive',
23 silly get     'x-served-by': 'cache-gru7125-GRU',
23 silly get     'x-cache': 'HIT',
23 silly get     'x-cache-hits': '1',
23 silly get     'x-timer': 'S1484331623.609110,VS0,VE282',
23 silly get     vary: 'Accept-Encoding' } ]
24 verbose etag http://registry.npmjs.org/client-session from cache
25 verbose get saving client-session to /root/.npm/registry.npmjs.org/client-session/.cache.json
26 verbose correctMkdir /root/.npm correctMkdir not in flight; initializing
27 silly install normalizeTree
28 silly loadCurrentTree Finishing
29 silly loadIdealTree Starting
30 silly install loadIdealTree
31 silly cloneCurrentTree Starting
32 silly install cloneCurrentTreeToIdealTree
33 silly cloneCurrentTree Finishing
34 silly loadShrinkwrap Starting
35 silly install loadShrinkwrap
36 silly loadShrinkwrap Finishing
37 silly loadAllDepsIntoIdealTree Starting
38 silly install loadAllDepsIntoIdealTree
39 silly resolveWithNewModule client-session@0.1.7 checking installable status
40 silly cache add args [ 'client-session', null ]
41 verbose cache add spec client-session
42 silly cache add parsed spec Result {
42 silly cache add   raw: 'client-session',
42 silly cache add   scope: null,
42 silly cache add   escapedName: 'client-session',
42 silly cache add   name: 'client-session',
42 silly cache add   rawSpec: '',
42 silly cache add   spec: 'latest',
42 silly cache add   type: 'tag' }
43 silly addNamed client-session@latest
44 verbose addNamed "latest" is being treated as a dist-tag for client-session
45 info addNameTag [ 'client-session', 'latest' ]
46 silly mapToRegistry name client-session
47 silly mapToRegistry using default registry
48 silly mapToRegistry registry http://registry.npmjs.org/
49 silly mapToRegistry data Result {
49 silly mapToRegistry   raw: 'client-session',
49 silly mapToRegistry   scope: null,
49 silly mapToRegistry   escapedName: 'client-session',
49 silly mapToRegistry   name: 'client-session',
49 silly mapToRegistry   rawSpec: '',
49 silly mapToRegistry   spec: 'latest',
49 silly mapToRegistry   type: 'tag' }
50 silly mapToRegistry uri http://registry.npmjs.org/client-session
51 verbose addNameTag registry:http://registry.npmjs.org/client-session not in flight; fetching
52 verbose get http://registry.npmjs.org/client-session not expired, no request
53 silly addNameTag next cb for client-session with tag latest
54 silly addNamed client-session@0.1.7
55 verbose addNamed "0.1.7" is a plain semver version for client-session
56 silly cache afterAdd client-session@0.1.7
57 verbose afterAdd /root/.npm/client-session/0.1.7/package/package.json not in flight; writing
58 verbose correctMkdir /root/.npm correctMkdir not in flight; initializing
59 verbose afterAdd /root/.npm/client-session/0.1.7/package/package.json written
60 silly fetchNamedPackageData cookie
61 silly mapToRegistry name cookie
62 silly mapToRegistry using default registry
63 silly mapToRegistry registry http://registry.npmjs.org/
64 silly mapToRegistry data Result {
64 silly mapToRegistry   raw: 'cookie',
64 silly mapToRegistry   scope: null,
64 silly mapToRegistry   escapedName: 'cookie',
64 silly mapToRegistry   name: 'cookie',
64 silly mapToRegistry   rawSpec: '',
64 silly mapToRegistry   spec: 'latest',
64 silly mapToRegistry   type: 'tag' }
65 silly mapToRegistry uri http://registry.npmjs.org/cookie
66 verbose get http://registry.npmjs.org/cookie not expired, no request
67 silly resolveWithNewModule cookie@0.1.2 checking installable status
68 silly cache add args [ 'cookie@0.1.2', null ]
69 verbose cache add spec cookie@0.1.2
70 silly cache add parsed spec Result {
70 silly cache add   raw: 'cookie@0.1.2',
70 silly cache add   scope: null,
70 silly cache add   escapedName: 'cookie',
70 silly cache add   name: 'cookie',
70 silly cache add   rawSpec: '0.1.2',
70 silly cache add   spec: '0.1.2',
70 silly cache add   type: 'version' }
71 silly addNamed cookie@0.1.2
72 verbose addNamed "0.1.2" is a plain semver version for cookie
73 silly mapToRegistry name cookie
74 silly mapToRegistry using default registry
75 silly mapToRegistry registry http://registry.npmjs.org/
76 silly mapToRegistry data Result {
76 silly mapToRegistry   raw: 'cookie',
76 silly mapToRegistry   scope: null,
76 silly mapToRegistry   escapedName: 'cookie',
76 silly mapToRegistry   name: 'cookie',
76 silly mapToRegistry   rawSpec: '',
76 silly mapToRegistry   spec: 'latest',
76 silly mapToRegistry   type: 'tag' }
77 silly mapToRegistry uri http://registry.npmjs.org/cookie
78 verbose addNameVersion registry:http://registry.npmjs.org/cookie not in flight; fetching
79 verbose get http://registry.npmjs.org/cookie not expired, no request
80 silly cache afterAdd cookie@0.1.2
81 verbose afterAdd /root/.npm/cookie/0.1.2/package/package.json not in flight; writing
82 verbose correctMkdir /root/.npm correctMkdir not in flight; initializing
83 verbose afterAdd /root/.npm/cookie/0.1.2/package/package.json written
84 silly fetchNamedPackageData fsevents
85 silly mapToRegistry name fsevents
86 silly mapToRegistry using default registry
87 silly mapToRegistry registry http://registry.npmjs.org/
88 silly mapToRegistry data Result {
88 silly mapToRegistry   raw: 'fsevents',
88 silly mapToRegistry   scope: null,
88 silly mapToRegistry   escapedName: 'fsevents',
88 silly mapToRegistry   name: 'fsevents',
88 silly mapToRegistry   rawSpec: '',
88 silly mapToRegistry   spec: 'latest',
88 silly mapToRegistry   type: 'tag' }
89 silly mapToRegistry uri http://registry.npmjs.org/fsevents
90 verbose get http://registry.npmjs.org/fsevents not expired, no request
91 silly resolveWithNewModule fsevents@1.0.17 checking installable status
92 silly loadAllDepsIntoIdealTree Finishing
93 silly loadIdealTree Finishing
94 silly currentTree miniFramework
94 silly currentTree ├── abbrev@1.0.9
94 silly currentTree ├── ansi-regex@2.0.0
94 silly currentTree ├── ansi-styles@2.2.1
94 silly currentTree ├── anymatch@1.3.0
94 silly currentTree ├── arr-diff@2.0.0
94 silly currentTree ├── arr-flatten@1.0.1
94 silly currentTree ├── array-unique@0.2.1
94 silly currentTree ├── arrify@1.0.1
94 silly currentTree ├── async-each@1.0.1
94 silly currentTree ├── balanced-match@0.4.2
94 silly currentTree ├── binary-extensions@1.8.0
94 silly currentTree ├── brace-expansion@1.1.6
94 silly currentTree ├── braces@1.8.5
94 silly currentTree ├── buffer-shims@1.0.0
94 silly currentTree ├── chalk@1.1.3
94 silly currentTree ├── chokidar@1.6.1
94 silly currentTree ├── client-sessions@0.7.0
94 silly currentTree ├── concat-map@0.0.1
94 silly currentTree ├── configstore@1.4.0
94 silly currentTree ├── cookie@0.3.1
94 silly currentTree ├── cookies@0.5.0
94 silly currentTree ├── core-util-is@1.0.2
94 silly currentTree ├── debug@2.6.0
94 silly currentTree ├── deep-extend@0.4.1
94 silly currentTree ├── duplexer@0.1.1
94 silly currentTree ├── duplexify@3.5.0
94 silly currentTree ├── end-of-stream@1.0.0
94 silly currentTree ├── es6-promise@3.3.1
94 silly currentTree ├── escape-string-regexp@1.0.5
94 silly currentTree ├── event-stream@3.3.4
94 silly currentTree ├── expand-brackets@0.1.5
94 silly currentTree ├── expand-range@1.8.2
94 silly currentTree ├── extglob@0.3.2
94 silly currentTree ├── filename-regex@2.0.0
94 silly currentTree ├── fill-range@2.2.3
94 silly currentTree ├── for-in@0.1.6
94 silly currentTree ├── for-own@0.1.4
94 silly currentTree ├── from@0.1.3
94 silly currentTree ├── glob-base@0.3.0
94 silly currentTree ├── glob-parent@2.0.0
94 silly currentTree ├─┬ got@3.3.1
94 silly currentTree │ └── object-assign@3.0.0
94 silly currentTree ├── graceful-fs@4.1.11
94 silly currentTree ├── has-ansi@2.0.0
94 silly currentTree ├── ignore-by-default@1.0.1
94 silly currentTree ├── imurmurhash@0.1.4
94 silly currentTree ├── infinity-agent@2.0.3
94 silly currentTree ├── inherits@2.0.3
94 silly currentTree ├── ini@1.3.4
94 silly currentTree ├── is-binary-path@1.0.1
94 silly currentTree ├── is-buffer@1.1.4
94 silly currentTree ├── is-dotfile@1.0.2
94 silly currentTree ├── is-equal-shallow@0.1.3
94 silly currentTree ├── is-extendable@0.1.1
94 silly currentTree ├── is-extglob@1.0.0
94 silly currentTree ├── is-finite@1.0.2
94 silly currentTree ├── is-glob@2.0.1
94 silly currentTree ├── is-npm@1.0.0
94 silly currentTree ├── is-number@2.1.0
94 silly currentTree ├── is-posix-bracket@0.1.1
94 silly currentTree ├── is-primitive@2.0.0
94 silly currentTree ├── is-redirect@1.0.0
94 silly currentTree ├── is-stream@1.1.0
94 silly currentTree ├── isarray@1.0.0
94 silly currentTree ├── isobject@2.1.0
94 silly currentTree ├── keygrip@1.0.1
94 silly currentTree ├── kind-of@3.1.0
94 silly currentTree ├── latest-version@1.0.1
94 silly currentTree ├── lodash._baseassign@3.2.0
94 silly currentTree ├── lodash._basecopy@3.0.1
94 silly currentTree ├── lodash._bindcallback@3.0.1
94 silly currentTree ├── lodash._createassigner@3.1.1
94 silly currentTree ├── lodash._getnative@3.9.1
94 silly currentTree ├── lodash._isiterateecall@3.0.9
94 silly currentTree ├── lodash.assign@3.2.0
94 silly currentTree ├── lodash.defaults@3.1.2
94 silly currentTree ├── lodash.isarguments@3.1.0
94 silly currentTree ├── lodash.isarray@3.0.4
94 silly currentTree ├── lodash.keys@3.1.2
94 silly currentTree ├── lodash.restparam@3.6.1
94 silly currentTree ├── lowercase-keys@1.0.0
94 silly currentTree ├── map-stream@0.1.0
94 silly currentTree ├── micromatch@2.3.11
94 silly currentTree ├── minimatch@3.0.3
94 silly currentTree ├── minimist@0.0.8
94 silly currentTree ├── mkdirp@0.5.1
94 silly currentTree ├── ms@0.7.2
94 silly currentTree ├── nested-error-stacks@1.0.2
94 silly currentTree ├── nodemon@1.11.0
94 silly currentTree ├── nopt@1.0.10
94 silly currentTree ├── normalize-path@2.0.1
94 silly currentTree ├── number-is-nan@1.0.1
94 silly currentTree ├── object-assign@4.1.0
94 silly currentTree ├── object.omit@2.0.1
94 silly currentTree ├── once@1.3.3
94 silly currentTree ├── os-homedir@1.0.2
94 silly currentTree ├── os-tmpdir@1.0.2
94 silly currentTree ├── osenv@0.1.4
94 silly currentTree ├── package-json@1.2.0
94 silly currentTree ├── parse-glob@3.0.4
94 silly currentTree ├── path-is-absolute@1.0.1
94 silly currentTree ├── pause-stream@0.0.11
94 silly currentTree ├── pinkie-promise@2.0.1
94 silly currentTree ├── pinkie@2.0.4
94 silly currentTree ├── prepend-http@1.0.4
94 silly currentTree ├── preserve@0.2.0
94 silly currentTree ├── process-nextick-args@1.0.7
94 silly currentTree ├── ps-tree@1.1.0
94 silly currentTree ├── randomatic@1.1.6
94 silly currentTree ├─┬ rc@1.1.6
94 silly currentTree │ └── minimist@1.2.0
94 silly currentTree ├── read-all-stream@3.1.0
94 silly currentTree ├── readable-stream@2.2.2
94 silly currentTree ├── readdirp@2.1.0
94 silly currentTree ├── regex-cache@0.4.3
94 silly currentTree ├── registry-url@3.1.0
94 silly currentTree ├── repeat-element@1.1.2
94 silly currentTree ├── repeat-string@1.6.1
94 silly currentTree ├── repeating@1.1.3
94 silly currentTree ├── semver-diff@2.1.0
94 silly currentTree ├── semver@5.3.0
94 silly currentTree ├── set-immediate-shim@1.0.1
94 silly currentTree ├── slide@1.1.6
94 silly currentTree ├── split@0.3.3
94 silly currentTree ├── stream-combiner@0.0.4
94 silly currentTree ├── stream-shift@1.0.0
94 silly currentTree ├── string_decoder@0.10.31
94 silly currentTree ├── string-length@1.0.1
94 silly currentTree ├── strip-ansi@3.0.1
94 silly currentTree ├── strip-json-comments@1.0.4
94 silly currentTree ├── supports-color@2.0.0
94 silly currentTree ├── through@2.3.8
94 silly currentTree ├── timed-out@2.0.0
94 silly currentTree ├── touch@1.0.0
94 silly currentTree ├── undefsafe@0.0.3
94 silly currentTree ├── update-notifier@0.5.0
94 silly currentTree ├── util-deprecate@1.0.2
94 silly currentTree ├── uuid@2.0.3
94 silly currentTree ├── wrappy@1.0.2
94 silly currentTree ├── write-file-atomic@1.2.0
94 silly currentTree └── xdg-basedir@2.0.0
95 silly idealTree miniFramework
95 silly idealTree ├── abbrev@1.0.9
95 silly idealTree ├── ansi-regex@2.0.0
95 silly idealTree ├── ansi-styles@2.2.1
95 silly idealTree ├── anymatch@1.3.0
95 silly idealTree ├── arr-diff@2.0.0
95 silly idealTree ├── arr-flatten@1.0.1
95 silly idealTree ├── array-unique@0.2.1
95 silly idealTree ├── arrify@1.0.1
95 silly idealTree ├── async-each@1.0.1
95 silly idealTree ├── balanced-match@0.4.2
95 silly idealTree ├── binary-extensions@1.8.0
95 silly idealTree ├── brace-expansion@1.1.6
95 silly idealTree ├── braces@1.8.5
95 silly idealTree ├── buffer-shims@1.0.0
95 silly idealTree ├── chalk@1.1.3
95 silly idealTree ├── chokidar@1.6.1
95 silly idealTree ├─┬ client-session@0.1.7
95 silly idealTree │ └── cookie@0.1.2
95 silly idealTree ├── client-sessions@0.7.0
95 silly idealTree ├── concat-map@0.0.1
95 silly idealTree ├── configstore@1.4.0
95 silly idealTree ├── cookie@0.3.1
95 silly idealTree ├── cookies@0.5.0
95 silly idealTree ├── core-util-is@1.0.2
95 silly idealTree ├── debug@2.6.0
95 silly idealTree ├── deep-extend@0.4.1
95 silly idealTree ├── duplexer@0.1.1
95 silly idealTree ├── duplexify@3.5.0
95 silly idealTree ├── end-of-stream@1.0.0
95 silly idealTree ├── es6-promise@3.3.1
95 silly idealTree ├── escape-string-regexp@1.0.5
95 silly idealTree ├── event-stream@3.3.4
95 silly idealTree ├── expand-brackets@0.1.5
95 silly idealTree ├── expand-range@1.8.2
95 silly idealTree ├── extglob@0.3.2
95 silly idealTree ├── filename-regex@2.0.0
95 silly idealTree ├── fill-range@2.2.3
95 silly idealTree ├── for-in@0.1.6
95 silly idealTree ├── for-own@0.1.4
95 silly idealTree ├── from@0.1.3
95 silly idealTree ├── glob-base@0.3.0
95 silly idealTree ├── glob-parent@2.0.0
95 silly idealTree ├─┬ got@3.3.1
95 silly idealTree │ └── object-assign@3.0.0
95 silly idealTree ├── graceful-fs@4.1.11
95 silly idealTree ├── has-ansi@2.0.0
95 silly idealTree ├── ignore-by-default@1.0.1
95 silly idealTree ├── imurmurhash@0.1.4
95 silly idealTree ├── infinity-agent@2.0.3
95 silly idealTree ├── inherits@2.0.3
95 silly idealTree ├── ini@1.3.4
95 silly idealTree ├── is-binary-path@1.0.1
95 silly idealTree ├── is-buffer@1.1.4
95 silly idealTree ├── is-dotfile@1.0.2
95 silly idealTree ├── is-equal-shallow@0.1.3
95 silly idealTree ├── is-extendable@0.1.1
95 silly idealTree ├── is-extglob@1.0.0
95 silly idealTree ├── is-finite@1.0.2
95 silly idealTree ├── is-glob@2.0.1
95 silly idealTree ├── is-npm@1.0.0
95 silly idealTree ├── is-number@2.1.0
95 silly idealTree ├── is-posix-bracket@0.1.1
95 silly idealTree ├── is-primitive@2.0.0
95 silly idealTree ├── is-redirect@1.0.0
95 silly idealTree ├── is-stream@1.1.0
95 silly idealTree ├── isarray@1.0.0
95 silly idealTree ├── isobject@2.1.0
95 silly idealTree ├── keygrip@1.0.1
95 silly idealTree ├── kind-of@3.1.0
95 silly idealTree ├── latest-version@1.0.1
95 silly idealTree ├── lodash._baseassign@3.2.0
95 silly idealTree ├── lodash._basecopy@3.0.1
95 silly idealTree ├── lodash._bindcallback@3.0.1
95 silly idealTree ├── lodash._createassigner@3.1.1
95 silly idealTree ├── lodash._getnative@3.9.1
95 silly idealTree ├── lodash._isiterateecall@3.0.9
95 silly idealTree ├── lodash.assign@3.2.0
95 silly idealTree ├── lodash.defaults@3.1.2
95 silly idealTree ├── lodash.isarguments@3.1.0
95 silly idealTree ├── lodash.isarray@3.0.4
95 silly idealTree ├── lodash.keys@3.1.2
95 silly idealTree ├── lodash.restparam@3.6.1
95 silly idealTree ├── lowercase-keys@1.0.0
95 silly idealTree ├── map-stream@0.1.0
95 silly idealTree ├── micromatch@2.3.11
95 silly idealTree ├── minimatch@3.0.3
95 silly idealTree ├── minimist@0.0.8
95 silly idealTree ├── mkdirp@0.5.1
95 silly idealTree ├── ms@0.7.2
95 silly idealTree ├── nested-error-stacks@1.0.2
95 silly idealTree ├── nodemon@1.11.0
95 silly idealTree ├── nopt@1.0.10
95 silly idealTree ├── normalize-path@2.0.1
95 silly idealTree ├── number-is-nan@1.0.1
95 silly idealTree ├── object-assign@4.1.0
95 silly idealTree ├── object.omit@2.0.1
95 silly idealTree ├── once@1.3.3
95 silly idealTree ├── os-homedir@1.0.2
95 silly idealTree ├── os-tmpdir@1.0.2
95 silly idealTree ├── osenv@0.1.4
95 silly idealTree ├── package-json@1.2.0
95 silly idealTree ├── parse-glob@3.0.4
95 silly idealTree ├── path-is-absolute@1.0.1
95 silly idealTree ├── pause-stream@0.0.11
95 silly idealTree ├── pinkie-promise@2.0.1
95 silly idealTree ├── pinkie@2.0.4
95 silly idealTree ├── prepend-http@1.0.4
95 silly idealTree ├── preserve@0.2.0
95 silly idealTree ├── process-nextick-args@1.0.7
95 silly idealTree ├── ps-tree@1.1.0
95 silly idealTree ├── randomatic@1.1.6
95 silly idealTree ├─┬ rc@1.1.6
95 silly idealTree │ └── minimist@1.2.0
95 silly idealTree ├── read-all-stream@3.1.0
95 silly idealTree ├── readable-stream@2.2.2
95 silly idealTree ├── readdirp@2.1.0
95 silly idealTree ├── regex-cache@0.4.3
95 silly idealTree ├── registry-url@3.1.0
95 silly idealTree ├── repeat-element@1.1.2
95 silly idealTree ├── repeat-string@1.6.1
95 silly idealTree ├── repeating@1.1.3
95 silly idealTree ├── semver-diff@2.1.0
95 silly idealTree ├── semver@5.3.0
95 silly idealTree ├── set-immediate-shim@1.0.1
95 silly idealTree ├── slide@1.1.6
95 silly idealTree ├── split@0.3.3
95 silly idealTree ├── stream-combiner@0.0.4
95 silly idealTree ├── stream-shift@1.0.0
95 silly idealTree ├── string_decoder@0.10.31
95 silly idealTree ├── string-length@1.0.1
95 silly idealTree ├── strip-ansi@3.0.1
95 silly idealTree ├── strip-json-comments@1.0.4
95 silly idealTree ├── supports-color@2.0.0
95 silly idealTree ├── through@2.3.8
95 silly idealTree ├── timed-out@2.0.0
95 silly idealTree ├── touch@1.0.0
95 silly idealTree ├── undefsafe@0.0.3
95 silly idealTree ├── update-notifier@0.5.0
95 silly idealTree ├── util-deprecate@1.0.2
95 silly idealTree ├── uuid@2.0.3
95 silly idealTree ├── wrappy@1.0.2
95 silly idealTree ├── write-file-atomic@1.2.0
95 silly idealTree └── xdg-basedir@2.0.0
96 silly generateActionsToTake Starting
97 silly install generateActionsToTake
98 silly generateActionsToTake Finishing
99 silly diffTrees action count 2
100 silly diffTrees add cookie@0.1.2
101 silly diffTrees add client-session@0.1.7
102 silly decomposeActions action count 16
103 silly decomposeActions fetch cookie@0.1.2
104 silly decomposeActions extract cookie@0.1.2
105 silly decomposeActions test cookie@0.1.2
106 silly decomposeActions preinstall cookie@0.1.2
107 silly decomposeActions build cookie@0.1.2
108 silly decomposeActions install cookie@0.1.2
109 silly decomposeActions postinstall cookie@0.1.2
110 silly decomposeActions finalize cookie@0.1.2
111 silly decomposeActions fetch client-session@0.1.7
112 silly decomposeActions extract client-session@0.1.7
113 silly decomposeActions test client-session@0.1.7
114 silly decomposeActions preinstall client-session@0.1.7
115 silly decomposeActions build client-session@0.1.7
116 silly decomposeActions install client-session@0.1.7
117 silly decomposeActions postinstall client-session@0.1.7
118 silly decomposeActions finalize client-session@0.1.7
119 silly runTopLevelLifecycles Starting
120 silly executeActions Starting
121 silly install executeActions
122 silly doSerial global-install 0
123 silly doParallel fetch 2
124 verbose correctMkdir /root/.npm/_locks correctMkdir not in flight; initializing
125 verbose lock using /root/.npm/_locks/staging-53e72457915c293b.lock for /home/matheus/Documentos/NodeProjects/miniFramework/node_modules/.staging
126 silly doParallel extract 2
127 silly extract cookie@0.1.2
128 silly extract client-session@0.1.7
129 verbose unbuild node_modules/.staging/cookie-7654e20e
130 verbose unbuild node_modules/.staging/client-session-c96b5fed
131 silly gentlyRm /home/matheus/Documentos/NodeProjects/miniFramework/node_modules/.staging/cookie-7654e20e is being purged from base /home/matheus/Documentos/NodeProjects/miniFramework
132 verbose gentlyRm don't care about contents; nuking /home/matheus/Documentos/NodeProjects/miniFramework/node_modules/.staging/cookie-7654e20e
133 silly gentlyRm /home/matheus/Documentos/NodeProjects/miniFramework/node_modules/.staging/client-session-c96b5fed is being purged from base /home/matheus/Documentos/NodeProjects/miniFramework
134 verbose gentlyRm don't care about contents; nuking /home/matheus/Documentos/NodeProjects/miniFramework/node_modules/.staging/client-session-c96b5fed
135 verbose tar unpack /root/.npm/cookie/0.1.2/package.tgz
136 verbose tar unpacking to /home/matheus/Documentos/NodeProjects/miniFramework/node_modules/.staging/cookie-7654e20e
137 silly gentlyRm /home/matheus/Documentos/NodeProjects/miniFramework/node_modules/.staging/cookie-7654e20e is being purged
138 verbose gentlyRm don't care about contents; nuking /home/matheus/Documentos/NodeProjects/miniFramework/node_modules/.staging/cookie-7654e20e
139 verbose tar unpack /root/.npm/client-session/0.1.7/package.tgz
140 verbose tar unpacking to /home/matheus/Documentos/NodeProjects/miniFramework/node_modules/.staging/client-session-c96b5fed
141 silly gentlyRm /home/matheus/Documentos/NodeProjects/miniFramework/node_modules/.staging/client-session-c96b5fed is being purged
142 verbose gentlyRm don't care about contents; nuking /home/matheus/Documentos/NodeProjects/miniFramework/node_modules/.staging/client-session-c96b5fed
143 silly gunzTarPerm modes [ '755', '644' ]
144 silly gunzTarPerm modes [ '755', '644' ]
145 silly gunzTarPerm extractEntry package.json
146 silly gunzTarPerm extractEntry package.json
147 silly gunzTarPerm modified mode [ 'package.json', 438, 420 ]
148 silly gunzTarPerm extractEntry .npmignore
149 silly gunzTarPerm extractEntry README.md
150 silly gunzTarPerm extractEntry .npmignore
151 silly gunzTarPerm modified mode [ '.npmignore', 438, 420 ]
152 silly gunzTarPerm extractEntry README.md
153 silly gunzTarPerm modified mode [ 'README.md', 438, 420 ]
154 silly gunzTarPerm extractEntry LICENSE
155 silly gunzTarPerm extractEntry index.js
156 silly gunzTarPerm extractEntry index.js
157 silly gunzTarPerm modified mode [ 'index.js', 438, 420 ]
158 silly gunzTarPerm extractEntry binding.gyp
159 silly gunzTarPerm modified mode [ 'binding.gyp', 438, 420 ]
160 silly gunzTarPerm extractEntry example/multi_process_node.js
161 silly gunzTarPerm modified mode [ 'example/multi_process_node.js', 438, 420 ]
162 silly gunzTarPerm extractEntry example/one_process_express.js
163 silly gunzTarPerm modified mode [ 'example/one_process_express.js', 438, 420 ]
164 silly gunzTarPerm extractEntry example/one_process_node.js
165 silly gunzTarPerm modified mode [ 'example/one_process_node.js', 438, 420 ]
166 silly gunzTarPerm extractEntry example/redirect_node.js
167 silly gunzTarPerm modified mode [ 'example/redirect_node.js', 438, 420 ]
168 silly gunzTarPerm extractEntry example/simple.js
169 silly gunzTarPerm modified mode [ 'example/simple.js', 438, 420 ]
170 silly gunzTarPerm extractEntry example/simple_express.js
171 silly gunzTarPerm modified mode [ 'example/simple_express.js', 438, 420 ]
172 silly gunzTarPerm extractEntry example/1.txt
173 silly gunzTarPerm modified mode [ 'example/1.txt', 438, 420 ]
174 silly gunzTarPerm extractEntry .travis.yml
175 silly gunzTarPerm modified mode [ '.travis.yml', 438, 420 ]
176 silly gunzTarPerm extractEntry lib/client_session.js
177 silly gunzTarPerm modified mode [ 'lib/client_session.js', 438, 420 ]
178 silly gentlyRm /home/matheus/Documentos/NodeProjects/miniFramework/node_modules/.staging/cookie-7654e20e/node_modules is being purged
179 verbose gentlyRm don't care about contents; nuking /home/matheus/Documentos/NodeProjects/miniFramework/node_modules/.staging/cookie-7654e20e/node_modules
180 silly gunzTarPerm extractEntry benchmark/benchmark_clinet_session_express.js
181 silly gunzTarPerm modified mode [ 'benchmark/benchmark_clinet_session_express.js', 438, 420 ]
182 silly gunzTarPerm extractEntry benchmark/benchmark_redis_session_express.js
183 silly gunzTarPerm modified mode [ 'benchmark/benchmark_redis_session_express.js', 438, 420 ]
184 silly gunzTarPerm extractEntry src/base64.cpp
185 silly gunzTarPerm modified mode [ 'src/base64.cpp', 438, 420 ]
186 silly gunzTarPerm extractEntry src/base64.h
187 silly gunzTarPerm modified mode [ 'src/base64.h', 438, 420 ]
188 silly gunzTarPerm extractEntry src/client_session_class.cpp
189 silly gunzTarPerm modified mode [ 'src/client_session_class.cpp', 438, 420 ]
190 silly gunzTarPerm extractEntry src/client_session_class.h
191 silly gunzTarPerm modified mode [ 'src/client_session_class.h', 438, 420 ]
192 silly gunzTarPerm extractEntry src/clientsession.cpp
193 silly gunzTarPerm modified mode [ 'src/clientsession.cpp', 438, 420 ]
194 silly gunzTarPerm extractEntry src/main.cpp
195 silly gunzTarPerm modified mode [ 'src/main.cpp', 438, 420 ]
196 silly gunzTarPerm extractEntry src/md5.cpp
197 silly gunzTarPerm modified mode [ 'src/md5.cpp', 438, 420 ]
198 silly gunzTarPerm extractEntry src/md5.h
199 silly gunzTarPerm modified mode [ 'src/md5.h', 438, 420 ]
200 silly gunzTarPerm extractEntry src/modp_base64/modp_b64.cc
201 silly gunzTarPerm modified mode [ 'src/modp_base64/modp_b64.cc', 438, 420 ]
202 silly gunzTarPerm extractEntry src/modp_base64/modp_b64.h
203 silly gunzTarPerm modified mode [ 'src/modp_base64/modp_b64.h', 438, 420 ]
204 silly gunzTarPerm extractEntry src/modp_base64/modp_b64_data.h
205 silly gunzTarPerm modified mode [ 'src/modp_base64/modp_b64_data.h', 438, 420 ]
206 silly gunzTarPerm extractEntry test/main.js
207 silly gunzTarPerm modified mode [ 'test/main.js', 438, 420 ]
208 silly gunzTarPerm extractEntry vendor.yml
209 silly gunzTarPerm modified mode [ 'vendor.yml', 438, 420 ]
210 silly gentlyRm /home/matheus/Documentos/NodeProjects/miniFramework/node_modules/.staging/client-session-c96b5fed/node_modules is being purged
211 verbose gentlyRm don't care about contents; nuking /home/matheus/Documentos/NodeProjects/miniFramework/node_modules/.staging/client-session-c96b5fed/node_modules
212 silly doParallel preinstall 2
213 silly preinstall cookie@0.1.2
214 info lifecycle cookie@0.1.2~preinstall: cookie@0.1.2
215 silly preinstall client-session@0.1.7
216 info lifecycle client-session@0.1.7~preinstall: client-session@0.1.7
217 silly lifecycle cookie@0.1.2~preinstall: no script for preinstall, continuing
218 silly lifecycle client-session@0.1.7~preinstall: no script for preinstall, continuing
219 silly doReverseSerial remove 0
220 silly doSerial move 0
221 silly doSerial finalize 2
222 silly finalize /home/matheus/Documentos/NodeProjects/miniFramework/node_modules/client-session/node_modules/cookie
223 silly finalize /home/matheus/Documentos/NodeProjects/miniFramework/node_modules/client-session
224 silly doSerial build 2
225 silly build cookie@0.1.2
226 info linkStuff cookie@0.1.2
227 silly linkStuff cookie@0.1.2 has /home/matheus/Documentos/NodeProjects/miniFramework/node_modules/client-session/node_modules as its parent node_modules
228 verbose linkBins cookie@0.1.2
229 verbose linkMans cookie@0.1.2
230 silly build client-session@0.1.7
231 info linkStuff client-session@0.1.7
232 silly linkStuff client-session@0.1.7 has /home/matheus/Documentos/NodeProjects/miniFramework/node_modules as its parent node_modules
233 verbose linkBins client-session@0.1.7
234 verbose linkMans client-session@0.1.7
235 silly doSerial global-link 0
236 silly doParallel update-linked 0
237 silly doSerial install 2
238 silly install cookie@0.1.2
239 info lifecycle cookie@0.1.2~install: cookie@0.1.2
240 silly lifecycle cookie@0.1.2~install: no script for install, continuing
241 silly install client-session@0.1.7
242 info lifecycle client-session@0.1.7~install: client-session@0.1.7
243 verbose lifecycle client-session@0.1.7~install: unsafe-perm in lifecycle false
244 verbose lifecycle client-session@0.1.7~install: PATH: /usr/local/lib/node_modules/npm/bin/node-gyp-bin:/home/matheus/Documentos/NodeProjects/miniFramework/node_modules/client-session/node_modules/.bin:/home/matheus/Documentos/NodeProjects/miniFramework/node_modules/.bin:/usr/local/sbin:/usr/local/bin:/usr/sbin:/usr/bin:/sbin:/bin:/opt/android-sdk-linux/platform-tools:/opt/android-sdk-linux/tools:/opt/android-sdk-linux/platform-tools:/opt/android-sdk-linux/tools
245 verbose lifecycle client-session@0.1.7~install: CWD: /home/matheus/Documentos/NodeProjects/miniFramework/node_modules/client-session
246 silly lifecycle client-session@0.1.7~install: Args: [ '-c', 'node-gyp rebuild' ]
247 silly lifecycle client-session@0.1.7~install: Returned: code: 1  signal: null
248 info lifecycle client-session@0.1.7~install: Failed to exec install script
249 verbose unlock done using /root/.npm/_locks/staging-53e72457915c293b.lock for /home/matheus/Documentos/NodeProjects/miniFramework/node_modules/.staging
250 silly rollbackFailedOptional Starting
251 silly gentlyRm /home/matheus/Documentos/NodeProjects/miniFramework/node_modules/client-session/node_modules/cookie is being purged from base /home/matheus/Documentos/NodeProjects/miniFramework
252 verbose gentlyRm don't care about contents; nuking /home/matheus/Documentos/NodeProjects/miniFramework/node_modules/client-session/node_modules/cookie
253 silly gentlyRm /home/matheus/Documentos/NodeProjects/miniFramework/node_modules/client-session/node_modules/cookie is being purged from base /home/matheus/Documentos/NodeProjects/miniFramework
254 verbose gentlyRm don't care about contents; nuking /home/matheus/Documentos/NodeProjects/miniFramework/node_modules/client-session/node_modules/cookie
255 silly gentlyRm /home/matheus/Documentos/NodeProjects/miniFramework/node_modules/client-session/node_modules/cookie is being purged from base /home/matheus/Documentos/NodeProjects/miniFramework
256 verbose gentlyRm don't care about contents; nuking /home/matheus/Documentos/NodeProjects/miniFramework/node_modules/client-session/node_modules/cookie
257 silly gentlyRm /home/matheus/Documentos/NodeProjects/miniFramework/node_modules/client-session/node_modules/cookie is being purged from base /home/matheus/Documentos/NodeProjects/miniFramework
258 verbose gentlyRm don't care about contents; nuking /home/matheus/Documentos/NodeProjects/miniFramework/node_modules/client-session/node_modules/cookie
259 silly gentlyRm /home/matheus/Documentos/NodeProjects/miniFramework/node_modules/client-session/node_modules/cookie is being purged from base /home/matheus/Documentos/NodeProjects/miniFramework
260 verbose gentlyRm don't care about contents; nuking /home/matheus/Documentos/NodeProjects/miniFramework/node_modules/client-session/node_modules/cookie
261 silly gentlyRm /home/matheus/Documentos/NodeProjects/miniFramework/node_modules/client-session/node_modules/cookie is being purged from base /home/matheus/Documentos/NodeProjects/miniFramework
262 verbose gentlyRm don't care about contents; nuking /home/matheus/Documentos/NodeProjects/miniFramework/node_modules/client-session/node_modules/cookie
263 silly gentlyRm /home/matheus/Documentos/NodeProjects/miniFramework/node_modules/client-session/node_modules/cookie is being purged from base /home/matheus/Documentos/NodeProjects/miniFramework
264 verbose gentlyRm don't care about contents; nuking /home/matheus/Documentos/NodeProjects/miniFramework/node_modules/client-session/node_modules/cookie
265 silly gentlyRm /home/matheus/Documentos/NodeProjects/miniFramework/node_modules/client-session/node_modules/cookie is being purged from base /home/matheus/Documentos/NodeProjects/miniFramework
266 verbose gentlyRm don't care about contents; nuking /home/matheus/Documentos/NodeProjects/miniFramework/node_modules/client-session/node_modules/cookie
267 silly gentlyRm /home/matheus/Documentos/NodeProjects/miniFramework/node_modules/client-session is being purged from base /home/matheus/Documentos/NodeProjects/miniFramework
268 verbose gentlyRm don't care about contents; nuking /home/matheus/Documentos/NodeProjects/miniFramework/node_modules/client-session
269 silly gentlyRm /home/matheus/Documentos/NodeProjects/miniFramework/node_modules/client-session is being purged from base /home/matheus/Documentos/NodeProjects/miniFramework
270 verbose gentlyRm don't care about contents; nuking /home/matheus/Documentos/NodeProjects/miniFramework/node_modules/client-session
271 silly gentlyRm /home/matheus/Documentos/NodeProjects/miniFramework/node_modules/client-session is being purged from base /home/matheus/Documentos/NodeProjects/miniFramework
272 verbose gentlyRm don't care about contents; nuking /home/matheus/Documentos/NodeProjects/miniFramework/node_modules/client-session
273 silly gentlyRm /home/matheus/Documentos/NodeProjects/miniFramework/node_modules/client-session is being purged from base /home/matheus/Documentos/NodeProjects/miniFramework
274 verbose gentlyRm don't care about contents; nuking /home/matheus/Documentos/NodeProjects/miniFramework/node_modules/client-session
275 silly gentlyRm /home/matheus/Documentos/NodeProjects/miniFramework/node_modules/client-session is being purged from base /home/matheus/Documentos/NodeProjects/miniFramework
276 verbose gentlyRm don't care about contents; nuking /home/matheus/Documentos/NodeProjects/miniFramework/node_modules/client-session
277 silly gentlyRm /home/matheus/Documentos/NodeProjects/miniFramework/node_modules/client-session is being purged from base /home/matheus/Documentos/NodeProjects/miniFramework
278 verbose gentlyRm don't care about contents; nuking /home/matheus/Documentos/NodeProjects/miniFramework/node_modules/client-session
279 silly gentlyRm /home/matheus/Documentos/NodeProjects/miniFramework/node_modules/client-session is being purged from base /home/matheus/Documentos/NodeProjects/miniFramework
280 verbose gentlyRm don't care about contents; nuking /home/matheus/Documentos/NodeProjects/miniFramework/node_modules/client-session
281 silly gentlyRm /home/matheus/Documentos/NodeProjects/miniFramework/node_modules/client-session is being purged from base /home/matheus/Documentos/NodeProjects/miniFramework
282 verbose gentlyRm don't care about contents; nuking /home/matheus/Documentos/NodeProjects/miniFramework/node_modules/client-session
283 silly vacuum-fs purging /home/matheus/Documentos/NodeProjects/miniFramework/node_modules/client-session/node_modules/cookie
284 silly vacuum-fs purging /home/matheus/Documentos/NodeProjects/miniFramework/node_modules/client-session/node_modules/cookie
285 silly vacuum-fs purging /home/matheus/Documentos/NodeProjects/miniFramework/node_modules/client-session/node_modules/cookie
286 silly vacuum-fs purging /home/matheus/Documentos/NodeProjects/miniFramework/node_modules/client-session/node_modules/cookie
287 silly vacuum-fs purging /home/matheus/Documentos/NodeProjects/miniFramework/node_modules/client-session/node_modules/cookie
288 silly vacuum-fs purging /home/matheus/Documentos/NodeProjects/miniFramework/node_modules/client-session/node_modules/cookie
289 silly vacuum-fs purging /home/matheus/Documentos/NodeProjects/miniFramework/node_modules/client-session/node_modules/cookie
290 silly vacuum-fs purging /home/matheus/Documentos/NodeProjects/miniFramework/node_modules/client-session/node_modules/cookie
291 silly vacuum-fs purging /home/matheus/Documentos/NodeProjects/miniFramework/node_modules/client-session
292 silly vacuum-fs purging /home/matheus/Documentos/NodeProjects/miniFramework/node_modules/client-session
293 silly vacuum-fs purging /home/matheus/Documentos/NodeProjects/miniFramework/node_modules/client-session
294 silly vacuum-fs purging /home/matheus/Documentos/NodeProjects/miniFramework/node_modules/client-session
295 silly vacuum-fs purging /home/matheus/Documentos/NodeProjects/miniFramework/node_modules/client-session
296 silly vacuum-fs purging /home/matheus/Documentos/NodeProjects/miniFramework/node_modules/client-session
297 silly vacuum-fs purging /home/matheus/Documentos/NodeProjects/miniFramework/node_modules/client-session
298 silly vacuum-fs purging /home/matheus/Documentos/NodeProjects/miniFramework/node_modules/client-session
299 silly vacuum-fs removing /home/matheus/Documentos/NodeProjects/miniFramework/node_modules/client-session/node_modules
300 silly vacuum-fs removing /home/matheus/Documentos/NodeProjects/miniFramework/node_modules/client-session/node_modules
301 silly vacuum-fs removing /home/matheus/Documentos/NodeProjects/miniFramework/node_modules/client-session/node_modules
302 silly vacuum-fs removing /home/matheus/Documentos/NodeProjects/miniFramework/node_modules/client-session/node_modules
303 silly vacuum-fs removing /home/matheus/Documentos/NodeProjects/miniFramework/node_modules/client-session/node_modules
304 silly vacuum-fs removing /home/matheus/Documentos/NodeProjects/miniFramework/node_modules/client-session/node_modules
305 silly vacuum-fs removing /home/matheus/Documentos/NodeProjects/miniFramework/node_modules/client-session/node_modules
306 silly vacuum-fs removing /home/matheus/Documentos/NodeProjects/miniFramework/node_modules/client-session/node_modules
307 silly vacuum-fs quitting because other entries in /home/matheus/Documentos/NodeProjects/miniFramework/node_modules
308 silly vacuum-fs quitting because other entries in /home/matheus/Documentos/NodeProjects/miniFramework/node_modules
309 silly vacuum-fs quitting because other entries in /home/matheus/Documentos/NodeProjects/miniFramework/node_modules
310 silly vacuum-fs quitting because other entries in /home/matheus/Documentos/NodeProjects/miniFramework/node_modules
311 silly vacuum-fs quitting because other entries in /home/matheus/Documentos/NodeProjects/miniFramework/node_modules
312 silly vacuum-fs quitting because other entries in /home/matheus/Documentos/NodeProjects/miniFramework/node_modules
313 silly vacuum-fs quitting because other entries in /home/matheus/Documentos/NodeProjects/miniFramework/node_modules
314 silly vacuum-fs quitting because other entries in /home/matheus/Documentos/NodeProjects/miniFramework/node_modules
315 silly rollbackFailedOptional Finishing
316 silly runTopLevelLifecycles Finishing
317 silly install printInstalled
318 warn optional SKIPPING OPTIONAL DEPENDENCY: fsevents@^1.0.0 (node_modules/chokidar/node_modules/fsevents):
319 warn notsup SKIPPING OPTIONAL DEPENDENCY: Unsupported platform for fsevents@1.0.17: wanted {"os":"darwin","arch":"any"} (current: {"os":"linux","arch":"x64"})
320 verbose notsup SKIPPING OPTIONAL DEPENDENCY: Valid OS:    darwin
320 verbose notsup SKIPPING OPTIONAL DEPENDENCY: Valid Arch:  any
320 verbose notsup SKIPPING OPTIONAL DEPENDENCY: Actual OS:   linux
320 verbose notsup SKIPPING OPTIONAL DEPENDENCY: Actual Arch: x64
321 warn enoent ENOENT: no such file or directory, open '/home/matheus/Documentos/NodeProjects/miniFramework/package.json'
322 verbose enoent ENOENT: no such file or directory, open '/home/matheus/Documentos/NodeProjects/miniFramework/package.json'
322 verbose enoent This is most likely not a problem with npm itself
322 verbose enoent and is related to npm not being able to find a file.
323 warn miniFramework No description
324 verbose If you need help, you may report this error at:
324 verbose     <https://github.com/npm/npm/issues>
325 warn miniFramework No repository field.
326 verbose If you need help, you may report this error at:
326 verbose     <https://github.com/npm/npm/issues>
327 warn miniFramework No README data
328 verbose If you need help, you may report this error at:
328 verbose     <https://github.com/npm/npm/issues>
329 warn miniFramework No license field.
330 verbose If you need help, you may report this error at:
330 verbose     <https://github.com/npm/npm/issues>
331 verbose stack Error: client-session@0.1.7 install: `node-gyp rebuild`
331 verbose stack Exit status 1
331 verbose stack     at EventEmitter.<anonymous> (/usr/local/lib/node_modules/npm/lib/utils/lifecycle.js:279:16)
331 verbose stack     at emitTwo (events.js:106:13)
331 verbose stack     at EventEmitter.emit (events.js:191:7)
331 verbose stack     at ChildProcess.<anonymous> (/usr/local/lib/node_modules/npm/lib/utils/spawn.js:40:14)
331 verbose stack     at emitTwo (events.js:106:13)
331 verbose stack     at ChildProcess.emit (events.js:191:7)
331 verbose stack     at maybeClose (internal/child_process.js:885:16)
331 verbose stack     at Process.ChildProcess._handle.onexit (internal/child_process.js:226:5)
332 verbose pkgid client-session@0.1.7
333 verbose cwd /home/matheus/Documentos/NodeProjects/miniFramework
334 error Linux 3.16.0-4-amd64
335 error argv "/usr/local/bin/node" "/usr/local/bin/npm" "install" "client-session"
336 error node v7.4.0
337 error npm  v4.0.5
338 error code ELIFECYCLE
339 error client-session@0.1.7 install: `node-gyp rebuild`
339 error Exit status 1
340 error Failed at the client-session@0.1.7 install script 'node-gyp rebuild'.
340 error Make sure you have the latest version of node.js and npm installed.
340 error If you do, this is most likely a problem with the client-session package,
340 error not with npm itself.
340 error Tell the author that this fails on your system:
340 error     node-gyp rebuild
340 error You can get information on how to open an issue for this project with:
340 error     npm bugs client-session
340 error Or if that isn't available, you can get their info via:
340 error     npm owner ls client-session
340 error There is likely additional logging output above.
341 verbose exit [ 1, true ]
